Connected to PostgreSQL database.
Database tables initialized successfully.
Initializing AI Service...
Epoch 1 / 10
(node:59580) [DEP0051] DeprecationWarning: The `util.isNullOrUndefined` API is deprecated. Please use `arg === null || arg === undefined` instead.
(Use `node --trace-deprecation ...` to show where the warning was created)

22ms 5383us/step - loss=2917.67 
Epoch 2 / 10

2ms 492us/step - loss=5926154.50 
Epoch 3 / 10

2ms 409us/step - loss=12154733568.00 
Epoch 4 / 10

1ms 334us/step - loss=24929860845568.00 
Epoch 5 / 10

2ms 400us/step - loss=51132182659334144.00 
Epoch 6 / 10

1ms 274us/step - loss=104874225010948964352.00 
Epoch 7 / 10

1ms 278us/step - loss=2.151014117912294e+23 
Epoch 8 / 10

1ms 299us/step - loss=4.411820342542204e+26 
Epoch 9 / 10

2ms 467us/step - loss=9.048826382545519e+29 
Epoch 10 / 10

1ms 333us/step - loss=1.8559522028226733e+33 
AI Model Initialized.
Server running on port 3001
Connected to MQTT Broker
Subscribed to plantcare/readings
AI Detect: Input Size=1 Pump=0
AI Detect: Input Size=1 Pump=1
AI Detect: Input Size=1 Pump=0
AI Detect: Input Size=1 Pump=0
AI Detect: Input Size=1 Pump=0
AI Detect: Input Size=1 Pump=0
AI Detect: Input Size=1 Pump=0
AI Detect: Input Size=1 Pump=0
AI Detect: Input Size=1 Pump=0
AI Detect: Input Size=1 Pump=0
AI Detect: Input Size=1 Pump=0
AI Detect: Input Size=1 Pump=0
